<?xml version="1.0" encoding="UTF-8"?>
<!-- Generated by org.testng.reporters.JUnitReportReporter -->
<testsuite hostname="CL-NB-650" failures="0" tests="1" name="tests.Tests" time="12.894" errors="0" timestamp="12 ago. 2022 14:23:20 GMT" skipped="0">
  <testcase classname="tests.Tests" name="CP001_login_fallido" time="12.894"/>
</testsuite> <!-- tests.Tests -->
