<?xml version="1.0" encoding="UTF-8"?>
<!-- Generated by org.testng.reporters.JUnitReportReporter -->
<testsuite hostname="DESKTOP-M1A2ER6" failures="0" tests="4" name="tests.Tests" time="41.824" errors="0" timestamp="25 Aug 2022 23:39:42 GMT" skipped="0">
  <testcase classname="tests.Tests" name="CP002_login_exitoso" time="7.690"/>
  <testcase classname="tests.Tests" name="CP003_cerrar_sesion" time="8.989"/>
  <testcase classname="tests.Tests" name="CP010_crear_historia" time="15.391"/>
  <testcase classname="tests.Tests" name="CP004_modo_oscuro" time="9.754"/>
</testsuite> <!-- tests.Tests -->
